<?xml version="1.0" encoding="UTF-8"?>
<testng-results skipped="0" failed="0" total="1" passed="1">
  <reporter-output>
  </reporter-output>
  <suite name="Default suite" duration-ms="45234" started-at="2016-12-04T15:49:21Z" finished-at="2016-12-04T15:50:06Z">
    <groups>
    </groups>
    <test name="Default test" duration-ms="45234" started-at="2016-12-04T15:49:21Z" finished-at="2016-12-04T15:50:06Z">
      <class name="appium.SampleTestCase">
        <test-method status="PASS" signature="createAppiumDriver()[pri:0, instance:appium.SampleTestCase@1fdc050]" name="createAppiumDriver" is-config="true" duration-ms="40323" started-at="2016-12-04T23:49:21Z" finished-at="2016-12-04T23:50:01Z">
          <reporter-output>
          </reporter-output>
        </test-method> <!-- createAppiumDriver -->
        <test-method status="PASS" signature="sampeTest()[pri:0, instance:appium.SampleTestCase@1fdc050]" name="sampeTest" duration-ms="4035" started-at="2016-12-04T23:50:02Z" finished-at="2016-12-04T23:50:06Z">
          <reporter-output>
          </reporter-output>
        </test-method> <!-- sampeTest -->
        <test-method status="PASS" signature="afterTest()[pri:0, instance:appium.SampleTestCase@1fdc050]" name="afterTest" is-config="true" duration-ms="825" started-at="2016-12-04T23:50:06Z" finished-at="2016-12-04T23:50:06Z">
          <reporter-output>
          </reporter-output>
        </test-method> <!-- afterTest -->
      </class> <!-- appium.SampleTestCase -->
    </test> <!-- Default test -->
  </suite> <!-- Default suite -->
</testng-results>
