<?xml version="1.0" encoding="UTF-8"?>
<testng-results skipped="6" failed="0" total="6" passed="0">
  <reporter-output>
  </reporter-output>
  <suite name="appium.TestNG_testcases" duration-ms="3221" started-at="2016-12-13T12:20:50Z" finished-at="2016-12-13T12:20:54Z">
    <groups>
    </groups>
    <test name="Command line test" duration-ms="3221" started-at="2016-12-13T12:20:50Z" finished-at="2016-12-13T12:20:54Z">
      <class name="appium.TestNG_testcases">
        <test-method status="FAIL" signature="createAppiumDriver()[pri:0, instance:appium.TestNG_testcases@68837a77]" name="createAppiumDriver" is-config="true" duration-ms="0" started-at="2016-12-13T20:20:50Z" finished-at="2016-12-13T20:20:50Z">
          <exception class="org.openqa.selenium.remote.UnreachableBrowserException">
            <message>
              <![CDATA[Could not start a new session. Possible causes are invalid address of the remote server or browser start-up failure.
Build info: version: '2.47.1', revision: 'unknown', time: '2015-07-30 11:02:44'
System info: host: 'ETDB-510P66T-D', ip: '10.202.212.24', os.name: 'Windows 7', os.arch: 'amd64', os.version: '6.1', java.version: '1.8.0_112'
Driver info: driver.version: AndroidDriver]]>
            </message>
            <full-stacktrace>
              <![CDATA[org.openqa.selenium.remote.UnreachableBrowserException: Could not start a new session. Possible causes are invalid address of the remote server or browser start-up failure.
Build info: version: '2.47.1', revision: 'unknown', time: '2015-07-30 11:02:44'
System info: host: 'ETDB-510P66T-D', ip: '10.202.212.24', os.name: 'Windows 7', os.arch: 'amd64', os.version: '6.1', java.version: '1.8.0_112'
Driver info: driver.version: AndroidDriver
	at org.openqa.selenium.remote.RemoteWebDriver.execute(RemoteWebDriver.java:589)
	at io.appium.java_client.DefaultGenericMobileDriver.execute(DefaultGenericMobileDriver.java:42)
	at io.appium.java_client.AppiumDriver.execute(AppiumDriver.java:1)
	at io.appium.java_client.android.AndroidDriver.execute(AndroidDriver.java:1)
	at org.openqa.selenium.remote.RemoteWebDriver.startSession(RemoteWebDriver.java:242)
	at org.openqa.selenium.remote.RemoteWebDriver.<init>(RemoteWebDriver.java:128)
	at org.openqa.selenium.remote.RemoteWebDriver.<init>(RemoteWebDriver.java:141)
	at io.appium.java_client.DefaultGenericMobileDriver.<init>(DefaultGenericMobileDriver.java:37)
	at io.appium.java_client.AppiumDriver.<init>(AppiumDriver.java:161)
	at io.appium.java_client.AppiumDriver.<init>(AppiumDriver.java:170)
	at io.appium.java_client.android.AndroidDriver.<init>(AndroidDriver.java:82)
	at appium.AppiumDriverBase.createAppiumDriver(AppiumDriverBase.java:55)
	at sun.reflect.NativeMethodAccessorImpl.invoke0(Native Method)
	at sun.reflect.NativeMethodAccessorImpl.invoke(NativeMethodAccessorImpl.java:62)
	at sun.reflect.DelegatingMethodAccessorImpl.invoke(DelegatingMethodAccessorImpl.java:43)
	at java.lang.reflect.Method.invoke(Method.java:498)
	at org.testng.internal.MethodInvocationHelper.invokeMethod(MethodInvocationHelper.java:86)
	at org.testng.internal.Invoker.invokeConfigurationMethod(Invoker.java:514)
	at org.testng.internal.Invoker.invokeConfigurations(Invoker.java:215)
	at org.testng.internal.Invoker.invokeConfigurations(Invoker.java:142)
	at org.testng.TestRunner.beforeRun(TestRunner.java:656)
	at org.testng.TestRunner.run(TestRunner.java:624)
	at org.testng.SuiteRunner.runTest(SuiteRunner.java:366)
	at org.testng.SuiteRunner.runSequentially(SuiteRunner.java:361)
	at org.testng.SuiteRunner.privateRun(SuiteRunner.java:319)
	at org.testng.SuiteRunner.run(SuiteRunner.java:268)
	at org.testng.SuiteRunnerWorker.runSuite(SuiteRunnerWorker.java:52)
	at org.testng.SuiteRunnerWorker.run(SuiteRunnerWorker.java:86)
	at org.testng.TestNG.runSuitesSequentially(TestNG.java:1244)
	at org.testng.TestNG.runSuitesLocally(TestNG.java:1169)
	at org.testng.TestNG.run(TestNG.java:1064)
	at org.apache.maven.surefire.testng.TestNGExecutor.run(TestNGExecutor.java:77)
	at org.apache.maven.surefire.testng.TestNGDirectoryTestSuite.execute(TestNGDirectoryTestSuite.java:110)
	at org.apache.maven.surefire.testng.TestNGProvider.invoke(TestNGProvider.java:106)
	at sun.reflect.NativeMethodAccessorImpl.invoke0(Native Method)
	at sun.reflect.NativeMethodAccessorImpl.invoke(NativeMethodAccessorImpl.java:62)
	at sun.reflect.DelegatingMethodAccessorImpl.invoke(DelegatingMethodAccessorImpl.java:43)
	at java.lang.reflect.Method.invoke(Method.java:498)
	at org.apache.maven.surefire.util.ReflectionUtils.invokeMethodWithArray(ReflectionUtils.java:189)
	at org.apache.maven.surefire.booter.ProviderFactory$ProviderProxy.invoke(ProviderFactory.java:165)
	at org.apache.maven.surefire.booter.ProviderFactory.invokeProvider(ProviderFactory.java:85)
	at org.apache.maven.surefire.booter.ForkedBooter.runSuitesInProcess(ForkedBooter.java:115)
	at org.apache.maven.surefire.booter.ForkedBooter.main(ForkedBooter.java:75)
Caused by: org.openqa.selenium.WebDriverException: org.apache.http.conn.HttpHostConnectException: Connect to 127.0.0.1:4723 [/127.0.0.1] failed: Connection refused: connect
Build info: version: '2.47.1', revision: 'unknown', time: '2015-07-30 11:02:44'
System info: host: 'ETDB-510P66T-D', ip: '10.202.212.24', os.name: 'Windows 7', os.arch: 'amd64', os.version: '6.1', java.version: '1.8.0_112'
Driver info: driver.version: AndroidDriver
	at io.appium.java_client.remote.AppiumCommandExecutor.execute(AppiumCommandExecutor.java:79)
	at org.openqa.selenium.remote.RemoteWebDriver.execute(RemoteWebDriver.java:568)
	... 42 more
Caused by: org.apache.http.conn.HttpHostConnectException: Connect to 127.0.0.1:4723 [/127.0.0.1] failed: Connection refused: connect
	at org.apache.http.impl.conn.HttpClientConnectionOperator.connect(HttpClientConnectionOperator.java:140)
	at org.apache.http.impl.conn.PoolingHttpClientConnectionManager.connect(PoolingHttpClientConnectionManager.java:314)
	at org.apache.http.impl.execchain.MainClientExec.establishRoute(MainClientExec.java:363)
	at org.apache.http.impl.execchain.MainClientExec.execute(MainClientExec.java:219)
	at org.apache.http.impl.execchain.ProtocolExec.execute(ProtocolExec.java:195)
	at org.apache.http.impl.execchain.RetryExec.execute(RetryExec.java:86)
	at org.apache.http.impl.execchain.RedirectExec.execute(RedirectExec.java:108)
	at org.apache.http.impl.client.InternalHttpClient.doExecute(InternalHttpClient.java:186)
	at org.apache.http.impl.client.CloseableHttpClient.execute(CloseableHttpClient.java:72)
	at org.apache.http.impl.client.CloseableHttpClient.execute(CloseableHttpClient.java:57)
	at org.openqa.selenium.remote.internal.ApacheHttpClient.fallBackExecute(ApacheHttpClient.java:143)
	at org.openqa.selenium.remote.internal.ApacheHttpClient.execute(ApacheHttpClient.java:89)
	at org.openqa.selenium.remote.HttpCommandExecutor.execute(HttpCommandExecutor.java:134)
	at io.appium.java_client.remote.AppiumCommandExecutor.execute(AppiumCommandExecutor.java:67)
	... 43 more
Caused by: java.net.ConnectException: Connection refused: connect
	at java.net.DualStackPlainSocketImpl.waitForConnect(Native Method)
	at java.net.DualStackPlainSocketImpl.socketConnect(DualStackPlainSocketImpl.java:85)
	at java.net.AbstractPlainSocketImpl.doConnect(AbstractPlainSocketImpl.java:350)
	at java.net.AbstractPlainSocketImpl.connectToAddress(AbstractPlainSocketImpl.java:206)
	at java.net.AbstractPlainSocketImpl.connect(AbstractPlainSocketImpl.java:188)
	at java.net.PlainSocketImpl.connect(PlainSocketImpl.java:172)
	at java.net.SocksSocketImpl.connect(SocksSocketImpl.java:392)
	at java.net.Socket.connect(Socket.java:589)
	at org.apache.http.conn.socket.PlainConnectionSocketFactory.connectSocket(PlainConnectionSocketFactory.java:72)
	at org.apache.http.impl.conn.HttpClientConnectionOperator.connect(HttpClientConnectionOperator.java:117)
	... 56 more
]]>
            </full-stacktrace>
          </exception> <!-- org.openqa.selenium.remote.UnreachableBrowserException -->
          <reporter-output>
          </reporter-output>
        </test-method> <!-- createAppiumDriver -->
        <test-method status="SKIP" signature="Login_Complete()[pri:1, instance:appium.TestNG_testcases@68837a77]" name="Login_Complete" duration-ms="3" started-at="2016-12-13T20:20:54Z" finished-at="2016-12-13T20:20:54Z">
          <reporter-output>
          </reporter-output>
        </test-method> <!-- Login_Complete -->
        <test-method status="SKIP" signature="Update_Leave_Complete()[pri:3, instance:appium.TestNG_testcases@68837a77]" name="Update_Leave_Complete" duration-ms="0" started-at="2016-12-13T20:20:54Z" finished-at="2016-12-13T20:20:54Z">
          <reporter-output>
          </reporter-output>
        </test-method> <!-- Update_Leave_Complete -->
        <test-method status="SKIP" signature="File_leave_Complete()[pri:2, instance:appium.TestNG_testcases@68837a77]" name="File_leave_Complete" duration-ms="0" started-at="2016-12-13T20:20:54Z" finished-at="2016-12-13T20:20:54Z">
          <reporter-output>
          </reporter-output>
        </test-method> <!-- File_leave_Complete -->
        <test-method status="SKIP" signature="Approve_Leave_Complete()[pri:4, instance:appium.TestNG_testcases@68837a77]" name="Approve_Leave_Complete" duration-ms="1" started-at="2016-12-13T20:20:54Z" finished-at="2016-12-13T20:20:54Z">
          <reporter-output>
          </reporter-output>
        </test-method> <!-- Approve_Leave_Complete -->
        <test-method status="SKIP" signature="Check_Leave()[pri:5, instance:appium.TestNG_testcases@68837a77]" name="Check_Leave" duration-ms="0" started-at="2016-12-13T20:20:54Z" finished-at="2016-12-13T20:20:54Z">
          <reporter-output>
          </reporter-output>
        </test-method> <!-- Check_Leave -->
        <test-method status="SKIP" signature="Find_Leave()[pri:6, instance:appium.TestNG_testcases@68837a77]" name="Find_Leave" duration-ms="0" started-at="2016-12-13T20:20:54Z" finished-at="2016-12-13T20:20:54Z">
          <reporter-output>
          </reporter-output>
        </test-method> <!-- Find_Leave -->
        <test-method status="SKIP" signature="afterTest()[pri:0, instance:appium.TestNG_testcases@68837a77]" name="afterTest" is-config="true" duration-ms="0" started-at="2016-12-13T20:20:54Z" finished-at="2016-12-13T20:20:54Z">
          <reporter-output>
          </reporter-output>
        </test-method> <!-- afterTest -->
      </class> <!-- appium.TestNG_testcases -->
    </test> <!-- Command line test -->
  </suite> <!-- appium.TestNG_testcases -->
</testng-results>
