<?xml version="1.0" encoding="UTF-8" ?>
<testsuite tests="6" failures="1" name="appium.TestNG_testcases" time="115.953" errors="0" skipped="0">
  <properties>
[...]
</properties>
  <testcase classname="appium.TestNG_testcases" name="Login_Complete" time="21.324"/>
  <testcase classname="appium.TestNG_testcases" name="File_leave_Complete" time="32.712"/>
  <testcase classname="appium.TestNG_testcases" name="Update_Leave_Complete" time="30.562"/>
  <testcase classname="appium.TestNG_testcases" name="Approve_Leave_Complete" time="8.171"/>
  <testcase classname="appium.TestNG_testcases" name="Check_Leave" time="7.618"/>
  <testcase classname="appium.TestNG_testcases" name="Find_Leave" time="15.566">
    <failure message="An element could not be located on the page using the given search parameters. (WARNING: The server did not provide any stacktrace information)
Command duration or timeout: 12.15 seconds
For documentation on this error, please visit: http://seleniumhq.org/exceptions/no_such_element.html
Build info: version: &apos;2.47.1&apos;, revision: &apos;unknown&apos;, time: &apos;2015-07-30 11:02:44&apos;
System info: host: &apos;ETDB-510P66T-D&apos;, ip: &apos;10.202.212.24&apos;, os.name: &apos;Windows 7&apos;, os.arch: &apos;amd64&apos;, os.version: &apos;6.1&apos;, java.version: &apos;1.8.0_112&apos;
Driver info: io.appium.java_client.android.AndroidDriver
Capabilities [{app=C:\Users\mary.l.l.dela.torre\.jenkins\workspace\goschedule1\build\outputs\apk\goschedule1-release.apk, appPackage=com.projectprototype, networkConnectionEnabled=true, warnings={}, databaseEnabled=false, deviceName=emulator-5554, platform=ANDROID, appActivity=com.projectprototype.SplashActivity, desired={app=C:\Users\mary.l.l.dela.torre\.jenkins\workspace\goschedule1\build\outputs\apk\goschedule1-release.apk, appPackage=com.projectprototype, appActivity=com.projectprototype.SplashActivity, platformVersion=4.4.2, browserName=Android, platformName=Android, deviceName=emulator-5554, platform=ANDROID}, platformVersion=4.4.2, webStorageEnabled=false, locationContextEnabled=false, browserName=Android, takesScreenshot=true, javascriptEnabled=true, platformName=Android}]
Session ID: ab0878b1-07e3-421b-9ba1-705c733a4d06
*** Element info: {Using=id, value=ListMyLeave}" type="org.openqa.selenium.NoSuchElementException">org.openqa.selenium.NoSuchElementException: An element could not be located on the page using the given search parameters. (WARNING: The server did not provide any stacktrace information)
Command duration or timeout: 12.15 seconds
For documentation on this error, please visit: http://seleniumhq.org/exceptions/no_such_element.html
Build info: version: &apos;2.47.1&apos;, revision: &apos;unknown&apos;, time: &apos;2015-07-30 11:02:44&apos;
System info: host: &apos;ETDB-510P66T-D&apos;, ip: &apos;10.202.212.24&apos;, os.name: &apos;Windows 7&apos;, os.arch: &apos;amd64&apos;, os.version: &apos;6.1&apos;, java.version: &apos;1.8.0_112&apos;
Driver info: io.appium.java_client.android.AndroidDriver
Capabilities [{app=C:\Users\mary.l.l.dela.torre\.jenkins\workspace\goschedule1\build\outputs\apk\goschedule1-release.apk, appPackage=com.projectprototype, networkConnectionEnabled=true, warnings={}, databaseEnabled=false, deviceName=emulator-5554, platform=ANDROID, appActivity=com.projectprototype.SplashActivity, desired={app=C:\Users\mary.l.l.dela.torre\.jenkins\workspace\goschedule1\build\outputs\apk\goschedule1-release.apk, appPackage=com.projectprototype, appActivity=com.projectprototype.SplashActivity, platformVersion=4.4.2, browserName=Android, platformName=Android, deviceName=emulator-5554, platform=ANDROID}, platformVersion=4.4.2, webStorageEnabled=false, locationContextEnabled=false, browserName=Android, takesScreenshot=true, javascriptEnabled=true, platformName=Android}]
Session ID: ab0878b1-07e3-421b-9ba1-705c733a4d06
*** Element info: {Using=id, value=ListMyLeave}
	at sun.reflect.NativeConstructorAccessorImpl.newInstance0(Native Method)
	at sun.reflect.NativeConstructorAccessorImpl.newInstance(NativeConstructorAccessorImpl.java:62)
	at sun.reflect.DelegatingConstructorAccessorImpl.newInstance(DelegatingConstructorAccessorImpl.java:45)
	at java.lang.reflect.Constructor.newInstance(Constructor.java:423)
	at org.openqa.selenium.remote.ErrorHandler.createThrowable(ErrorHandler.java:206)
	at org.openqa.selenium.remote.ErrorHandler.throwIfResponseFailed(ErrorHandler.java:158)
	at org.openqa.selenium.remote.RemoteWebDriver.execute(RemoteWebDriver.java:595)
	at io.appium.java_client.DefaultGenericMobileDriver.execute(DefaultGenericMobileDriver.java:42)
	at io.appium.java_client.AppiumDriver.execute(AppiumDriver.java:1)
	at io.appium.java_client.android.AndroidDriver.execute(AndroidDriver.java:1)
	at org.openqa.selenium.remote.RemoteWebDriver.findElement(RemoteWebDriver.java:348)
	at org.openqa.selenium.remote.RemoteWebDriver.findElementById(RemoteWebDriver.java:389)
	at io.appium.java_client.DefaultGenericMobileDriver.findElementById(DefaultGenericMobileDriver.java:62)
	at io.appium.java_client.AppiumDriver.findElementById(AppiumDriver.java:1)
	at io.appium.java_client.android.AndroidDriver.findElementById(AndroidDriver.java:1)
	at org.openqa.selenium.By$ById.findElement(By.java:215)
	at org.openqa.selenium.remote.RemoteWebDriver.findElement(RemoteWebDriver.java:340)
	at io.appium.java_client.DefaultGenericMobileDriver.findElement(DefaultGenericMobileDriver.java:52)
	at io.appium.java_client.AppiumDriver.findElement(AppiumDriver.java:1)
	at io.appium.java_client.android.AndroidDriver.findElement(AndroidDriver.java:1)
	at appium.TestNG_testcases.Find_Leave(TestNG_testcases.java:119)
</failure>
  </testcase>
</testsuite>