<?xml version="1.0" encoding="UTF-8"?>
<testng-results skipped="0" failed="0" total="6" passed="6">
  <reporter-output>
  </reporter-output>
  <suite name="Default suite" duration-ms="252391" started-at="2017-01-13T10:43:25Z" finished-at="2017-01-13T10:47:38Z">
    <groups>
    </groups>
    <test name="Default test" duration-ms="252391" started-at="2017-01-13T10:43:25Z" finished-at="2017-01-13T10:47:38Z">
      <class name="appium.TestNG_testcases">
        <test-method status="PASS" signature="createAppiumDriver()[pri:0, instance:appium.TestNG_testcases@3e6fa38a]" name="createAppiumDriver" is-config="true" duration-ms="73159" started-at="2017-01-13T18:43:25Z" finished-at="2017-01-13T18:44:38Z">
          <reporter-output>
          </reporter-output>
        </test-method> <!-- createAppiumDriver -->
        <test-method status="PASS" signature="Login_Complete()[pri:1, instance:appium.TestNG_testcases@3e6fa38a]" name="Login_Complete" duration-ms="28734" started-at="2017-01-13T18:44:38Z" finished-at="2017-01-13T18:45:07Z">
          <reporter-output>
          </reporter-output>
        </test-method> <!-- Login_Complete -->
        <test-method status="PASS" signature="File_leave_Complete()[pri:2, instance:appium.TestNG_testcases@3e6fa38a]" name="File_leave_Complete" duration-ms="53385" started-at="2017-01-13T18:45:07Z" finished-at="2017-01-13T18:46:01Z">
          <reporter-output>
          </reporter-output>
        </test-method> <!-- File_leave_Complete -->
        <test-method status="PASS" signature="Update_Leave_Complete()[pri:3, instance:appium.TestNG_testcases@3e6fa38a]" name="Update_Leave_Complete" duration-ms="46542" started-at="2017-01-13T18:46:01Z" finished-at="2017-01-13T18:46:47Z">
          <reporter-output>
          </reporter-output>
        </test-method> <!-- Update_Leave_Complete -->
        <test-method status="PASS" signature="Approve_Leave_Complete()[pri:4, instance:appium.TestNG_testcases@3e6fa38a]" name="Approve_Leave_Complete" duration-ms="16786" started-at="2017-01-13T18:46:47Z" finished-at="2017-01-13T18:47:04Z">
          <reporter-output>
          </reporter-output>
        </test-method> <!-- Approve_Leave_Complete -->
        <test-method status="PASS" signature="Check_Leave()[pri:5, instance:appium.TestNG_testcases@3e6fa38a]" name="Check_Leave" duration-ms="8387" started-at="2017-01-13T18:47:04Z" finished-at="2017-01-13T18:47:13Z">
          <reporter-output>
          </reporter-output>
        </test-method> <!-- Check_Leave -->
        <test-method status="PASS" signature="Search_Leave()[pri:6, instance:appium.TestNG_testcases@3e6fa38a]" name="Search_Leave" duration-ms="22340" started-at="2017-01-13T18:47:13Z" finished-at="2017-01-13T18:47:35Z">
          <reporter-output>
          </reporter-output>
        </test-method> <!-- Search_Leave -->
        <test-method status="PASS" signature="afterTest()[pri:0, instance:appium.TestNG_testcases@3e6fa38a]" name="afterTest" is-config="true" duration-ms="2533" started-at="2017-01-13T18:47:35Z" finished-at="2017-01-13T18:47:38Z">
          <reporter-output>
          </reporter-output>
        </test-method> <!-- afterTest -->
      </class> <!-- appium.TestNG_testcases -->
    </test> <!-- Default test -->
  </suite> <!-- Default suite -->
</testng-results>
