<?xml version="1.0" encoding="UTF-8"?>
<testng-results skipped="6" failed="0" total="6" passed="0">
  <reporter-output>
  </reporter-output>
  <suite name="Default suite" duration-ms="2912" started-at="2016-12-13T08:30:20Z" finished-at="2016-12-13T08:30:23Z">
    <groups>
    </groups>
    <test name="Default test" duration-ms="2912" started-at="2016-12-13T08:30:20Z" finished-at="2016-12-13T08:30:23Z">
      <class name="appium.TestNG_testcases">
        <test-method status="FAIL" signature="createAppiumDriver()[pri:0, instance:appium.TestNG_testcases@3e6fa38a]" name="createAppiumDriver" is-config="true" duration-ms="0" started-at="2016-12-13T16:30:20Z" finished-at="2016-12-13T16:30:20Z">
          <exception class="org.openqa.selenium.SessionNotCreatedException">
            <message>
              <![CDATA[A new session could not be created. (Original error: Bad app: C:\Users\mary.l.l.dela.torre\Desktop\repo\original_repo\goschedule\goschedule1-release.apk. App paths need to be absolute, or relative to the appium server install dir, or a URL to compressed file, or a special app name. cause: Error: Error locating the app: ENOENT: no such file or directory, stat 'C:\Users\mary.l.l.dela.torre\Desktop\repo\original_repo\goschedule\goschedule1-release.apk') (WARNING: The server did not provide any stacktrace information)
Command duration or timeout: 1.64 seconds
Build info: version: '2.47.1', revision: 'unknown', time: '2015-07-30 11:02:44'
System info: host: 'ETDB-510P66T-D', ip: '10.202.212.24', os.name: 'Windows 7', os.arch: 'amd64', os.version: '6.1', java.version: '1.8.0_112'
Driver info: io.appium.java_client.android.AndroidDriver]]>
            </message>
            <full-stacktrace>
              <![CDATA[org.openqa.selenium.SessionNotCreatedException: A new session could not be created. (Original error: Bad app: C:\Users\mary.l.l.dela.torre\Desktop\repo\original_repo\goschedule\goschedule1-release.apk. App paths need to be absolute, or relative to the appium server install dir, or a URL to compressed file, or a special app name. cause: Error: Error locating the app: ENOENT: no such file or directory, stat 'C:\Users\mary.l.l.dela.torre\Desktop\repo\original_repo\goschedule\goschedule1-release.apk') (WARNING: The server did not provide any stacktrace information)
Command duration or timeout: 1.64 seconds
Build info: version: '2.47.1', revision: 'unknown', time: '2015-07-30 11:02:44'
System info: host: 'ETDB-510P66T-D', ip: '10.202.212.24', os.name: 'Windows 7', os.arch: 'amd64', os.version: '6.1', java.version: '1.8.0_112'
Driver info: io.appium.java_client.android.AndroidDriver
	at sun.reflect.NativeConstructorAccessorImpl.newInstance0(Native Method)
	at sun.reflect.NativeConstructorAccessorImpl.newInstance(NativeConstructorAccessorImpl.java:62)
	at sun.reflect.DelegatingConstructorAccessorImpl.newInstance(DelegatingConstructorAccessorImpl.java:45)
	at java.lang.reflect.Constructor.newInstance(Constructor.java:423)
	at org.openqa.selenium.remote.ErrorHandler.createThrowable(ErrorHandler.java:206)
	at org.openqa.selenium.remote.ErrorHandler.throwIfResponseFailed(ErrorHandler.java:158)
	at org.openqa.selenium.remote.RemoteWebDriver.execute(RemoteWebDriver.java:595)
	at io.appium.java_client.DefaultGenericMobileDriver.execute(DefaultGenericMobileDriver.java:42)
	at io.appium.java_client.AppiumDriver.execute(AppiumDriver.java:1)
	at io.appium.java_client.android.AndroidDriver.execute(AndroidDriver.java:1)
	at org.openqa.selenium.remote.RemoteWebDriver.startSession(RemoteWebDriver.java:242)
	at org.openqa.selenium.remote.RemoteWebDriver.<init>(RemoteWebDriver.java:128)
	at org.openqa.selenium.remote.RemoteWebDriver.<init>(RemoteWebDriver.java:141)
	at io.appium.java_client.DefaultGenericMobileDriver.<init>(DefaultGenericMobileDriver.java:37)
	at io.appium.java_client.AppiumDriver.<init>(AppiumDriver.java:161)
	at io.appium.java_client.AppiumDriver.<init>(AppiumDriver.java:170)
	at io.appium.java_client.android.AndroidDriver.<init>(AndroidDriver.java:82)
	at appium.AppiumDriverBase.createAppiumDriver(AppiumDriverBase.java:56)
	at sun.reflect.NativeMethodAccessorImpl.invoke0(Native Method)
	at sun.reflect.NativeMethodAccessorImpl.invoke(NativeMethodAccessorImpl.java:62)
	at sun.reflect.DelegatingMethodAccessorImpl.invoke(DelegatingMethodAccessorImpl.java:43)
	at java.lang.reflect.Method.invoke(Method.java:498)
	at org.testng.internal.MethodInvocationHelper.invokeMethod(MethodInvocationHelper.java:86)
	at org.testng.internal.Invoker.invokeConfigurationMethod(Invoker.java:514)
	at org.testng.internal.Invoker.invokeConfigurations(Invoker.java:215)
	at org.testng.internal.Invoker.invokeConfigurations(Invoker.java:142)
	at org.testng.TestRunner.beforeRun(TestRunner.java:656)
	at org.testng.TestRunner.run(TestRunner.java:624)
	at org.testng.SuiteRunner.runTest(SuiteRunner.java:366)
	at org.testng.SuiteRunner.runSequentially(SuiteRunner.java:361)
	at org.testng.SuiteRunner.privateRun(SuiteRunner.java:319)
	at org.testng.SuiteRunner.run(SuiteRunner.java:268)
	at org.testng.SuiteRunnerWorker.runSuite(SuiteRunnerWorker.java:52)
	at org.testng.SuiteRunnerWorker.run(SuiteRunnerWorker.java:86)
	at org.testng.TestNG.runSuitesSequentially(TestNG.java:1244)
	at org.testng.TestNG.runSuitesLocally(TestNG.java:1169)
	at org.testng.TestNG.run(TestNG.java:1064)
	at org.testng.remote.AbstractRemoteTestNG.run(AbstractRemoteTestNG.java:132)
	at org.testng.remote.RemoteTestNG.initAndRun(RemoteTestNG.java:236)
	at org.testng.remote.RemoteTestNG.main(RemoteTestNG.java:81)
]]>
            </full-stacktrace>
          </exception> <!-- org.openqa.selenium.SessionNotCreatedException -->
          <reporter-output>
          </reporter-output>
        </test-method> <!-- createAppiumDriver -->
        <test-method status="SKIP" signature="Login_Complete()[pri:1, instance:appium.TestNG_testcases@3e6fa38a]" name="Login_Complete" duration-ms="6" started-at="2016-12-13T16:30:23Z" finished-at="2016-12-13T16:30:23Z">
          <reporter-output>
          </reporter-output>
        </test-method> <!-- Login_Complete -->
        <test-method status="SKIP" signature="File_leave_Complete()[pri:2, instance:appium.TestNG_testcases@3e6fa38a]" name="File_leave_Complete" duration-ms="3" started-at="2016-12-13T16:30:23Z" finished-at="2016-12-13T16:30:23Z">
          <reporter-output>
          </reporter-output>
        </test-method> <!-- File_leave_Complete -->
        <test-method status="SKIP" signature="Update_Leave_Complete()[pri:3, instance:appium.TestNG_testcases@3e6fa38a]" name="Update_Leave_Complete" duration-ms="5" started-at="2016-12-13T16:30:23Z" finished-at="2016-12-13T16:30:23Z">
          <reporter-output>
          </reporter-output>
        </test-method> <!-- Update_Leave_Complete -->
        <test-method status="SKIP" signature="Approve_Leave_Complete()[pri:4, instance:appium.TestNG_testcases@3e6fa38a]" name="Approve_Leave_Complete" duration-ms="5" started-at="2016-12-13T16:30:23Z" finished-at="2016-12-13T16:30:23Z">
          <reporter-output>
          </reporter-output>
        </test-method> <!-- Approve_Leave_Complete -->
        <test-method status="SKIP" signature="Check_Leave()[pri:5, instance:appium.TestNG_testcases@3e6fa38a]" name="Check_Leave" duration-ms="3" started-at="2016-12-13T16:30:23Z" finished-at="2016-12-13T16:30:23Z">
          <reporter-output>
          </reporter-output>
        </test-method> <!-- Check_Leave -->
        <test-method status="SKIP" signature="Find_Leave()[pri:6, instance:appium.TestNG_testcases@3e6fa38a]" name="Find_Leave" duration-ms="2" started-at="2016-12-13T16:30:23Z" finished-at="2016-12-13T16:30:23Z">
          <reporter-output>
          </reporter-output>
        </test-method> <!-- Find_Leave -->
        <test-method status="SKIP" signature="afterTest()[pri:0, instance:appium.TestNG_testcases@3e6fa38a]" name="afterTest" is-config="true" duration-ms="0" started-at="2016-12-13T16:30:23Z" finished-at="2016-12-13T16:30:23Z">
          <reporter-output>
          </reporter-output>
        </test-method> <!-- afterTest -->
      </class> <!-- appium.TestNG_testcases -->
    </test> <!-- Default test -->
  </suite> <!-- Default suite -->
</testng-results>
