<?xml version="1.0" encoding="UTF-8"?>
<testng-results skipped="0" failed="1" total="3" passed="2">
  <reporter-output>
  </reporter-output>
  <suite name="Default suite" duration-ms="69955" started-at="2016-12-08T06:19:48Z" finished-at="2016-12-08T06:20:58Z">
    <groups>
    </groups>
    <test name="Default test" duration-ms="69955" started-at="2016-12-08T06:19:48Z" finished-at="2016-12-08T06:20:58Z">
      <class name="appium.TestNG_testcases_FILE_LEAVE">
        <test-method status="FAIL" signature="File_leave_Complete_2()[pri:0, instance:appium.TestNG_testcases_FILE_LEAVE@3bfdc050]" name="File_leave_Complete_2" duration-ms="4" started-at="2016-12-08T14:20:56Z" finished-at="2016-12-08T14:20:56Z">
          <exception class="java.lang.NullPointerException">
            <full-stacktrace>
              <![CDATA[java.lang.NullPointerException
	at appium.TestNG_testcases_FILE_LEAVE.File_leave_Complete_2(TestNG_testcases_FILE_LEAVE.java:22)
	at sun.reflect.NativeMethodAccessorImpl.invoke0(Native Method)
	at sun.reflect.NativeMethodAccessorImpl.invoke(NativeMethodAccessorImpl.java:62)
	at sun.reflect.DelegatingMethodAccessorImpl.invoke(DelegatingMethodAccessorImpl.java:43)
	at java.lang.reflect.Method.invoke(Method.java:498)
	at org.testng.internal.MethodInvocationHelper.invokeMethod(MethodInvocationHelper.java:86)
	at org.testng.internal.Invoker.invokeMethod(Invoker.java:643)
	at org.testng.internal.Invoker.invokeTestMethod(Invoker.java:820)
	at org.testng.internal.Invoker.invokeTestMethods(Invoker.java:1128)
	at org.testng.internal.TestMethodWorker.invokeTestMethods(TestMethodWorker.java:129)
	at org.testng.internal.TestMethodWorker.run(TestMethodWorker.java:112)
	at org.testng.TestRunner.privateRun(TestRunner.java:782)
	at org.testng.TestRunner.run(TestRunner.java:632)
	at org.testng.SuiteRunner.runTest(SuiteRunner.java:366)
	at org.testng.SuiteRunner.runSequentially(SuiteRunner.java:361)
	at org.testng.SuiteRunner.privateRun(SuiteRunner.java:319)
	at org.testng.SuiteRunner.run(SuiteRunner.java:268)
	at org.testng.SuiteRunnerWorker.runSuite(SuiteRunnerWorker.java:52)
	at org.testng.SuiteRunnerWorker.run(SuiteRunnerWorker.java:86)
	at org.testng.TestNG.runSuitesSequentially(TestNG.java:1244)
	at org.testng.TestNG.runSuitesLocally(TestNG.java:1169)
	at org.testng.TestNG.run(TestNG.java:1064)
	at org.testng.remote.AbstractRemoteTestNG.run(AbstractRemoteTestNG.java:132)
	at org.testng.remote.RemoteTestNG.initAndRun(RemoteTestNG.java:236)
	at org.testng.remote.RemoteTestNG.main(RemoteTestNG.java:81)
]]>
            </full-stacktrace>
          </exception> <!-- java.lang.NullPointerException -->
          <reporter-output>
          </reporter-output>
        </test-method> <!-- File_leave_Complete_2 -->
      </class> <!-- appium.TestNG_testcases_FILE_LEAVE -->
      <class name="appium.TestNG_testcases">
        <test-method status="PASS" signature="createAppiumDriver()[pri:0, instance:appium.TestNG_testcases@42d80b78]" name="createAppiumDriver" is-config="true" duration-ms="18911" started-at="2016-12-08T14:19:48Z" finished-at="2016-12-08T14:20:07Z">
          <reporter-output>
          </reporter-output>
        </test-method> <!-- createAppiumDriver -->
        <test-method status="PASS" signature="Login_Complete()[pri:1, instance:appium.TestNG_testcases@42d80b78]" name="Login_Complete" duration-ms="27059" started-at="2016-12-08T14:20:07Z" finished-at="2016-12-08T14:20:34Z">
          <reporter-output>
          </reporter-output>
        </test-method> <!-- Login_Complete -->
        <test-method status="PASS" signature="File_leave_Complete()[pri:2, instance:appium.TestNG_testcases@42d80b78]" name="File_leave_Complete" duration-ms="22349" started-at="2016-12-08T14:20:34Z" finished-at="2016-12-08T14:20:56Z">
          <reporter-output>
          </reporter-output>
        </test-method> <!-- File_leave_Complete -->
        <test-method status="PASS" signature="afterTest()[pri:0, instance:appium.TestNG_testcases@42d80b78]" name="afterTest" is-config="true" duration-ms="1468" started-at="2016-12-08T14:20:56Z" finished-at="2016-12-08T14:20:58Z">
          <reporter-output>
          </reporter-output>
        </test-method> <!-- afterTest -->
      </class> <!-- appium.TestNG_testcases -->
    </test> <!-- Default test -->
  </suite> <!-- Default suite -->
</testng-results>
