<?xml version="1.0" encoding="UTF-8"?>
<testng-results skipped="0" failed="0" total="1" passed="1">
  <reporter-output>
  </reporter-output>
  <suite name="appium.SampleTestCase" duration-ms="47797" started-at="2016-12-04T16:04:34Z" finished-at="2016-12-04T16:05:22Z">
    <groups>
    </groups>
    <test name="Command line test" duration-ms="47797" started-at="2016-12-04T16:04:34Z" finished-at="2016-12-04T16:05:22Z">
      <class name="appium.SampleTestCase">
        <test-method status="PASS" signature="createAppiumDriver()[pri:0, instance:appium.SampleTestCase@10f6bfd]" name="createAppiumDriver" is-config="true" duration-ms="42792" started-at="2016-12-05T00:04:34Z" finished-at="2016-12-05T00:05:17Z">
          <reporter-output>
          </reporter-output>
        </test-method> <!-- createAppiumDriver -->
        <test-method status="PASS" signature="sampeTest()[pri:0, instance:appium.SampleTestCase@10f6bfd]" name="sampeTest" duration-ms="4131" started-at="2016-12-05T00:05:17Z" finished-at="2016-12-05T00:05:21Z">
          <reporter-output>
          </reporter-output>
        </test-method> <!-- sampeTest -->
        <test-method status="PASS" signature="afterTest()[pri:0, instance:appium.SampleTestCase@10f6bfd]" name="afterTest" is-config="true" duration-ms="860" started-at="2016-12-05T00:05:21Z" finished-at="2016-12-05T00:05:22Z">
          <reporter-output>
          </reporter-output>
        </test-method> <!-- afterTest -->
      </class> <!-- appium.SampleTestCase -->
    </test> <!-- Command line test -->
  </suite> <!-- appium.SampleTestCase -->
</testng-results>
