<?xml version="1.0" encoding="UTF-8"?>
<testng-results skipped="0" failed="0" total="2" passed="2">
  <reporter-output>
  </reporter-output>
  <suite name="appium.TestNG_testcases" duration-ms="152419" started-at="2016-12-09T06:31:18Z" finished-at="2016-12-09T06:33:50Z">
    <groups>
    </groups>
    <test name="Command line test" duration-ms="152419" started-at="2016-12-09T06:31:18Z" finished-at="2016-12-09T06:33:50Z">
      <class name="appium.TestNG_testcases">
        <test-method status="PASS" signature="createAppiumDriver()[pri:0, instance:appium.TestNG_testcases@3a03464]" name="createAppiumDriver" is-config="true" duration-ms="52656" started-at="2016-12-09T14:31:18Z" finished-at="2016-12-09T14:32:10Z">
          <reporter-output>
          </reporter-output>
        </test-method> <!-- createAppiumDriver -->
        <test-method status="PASS" signature="Login_Complete()[pri:1, instance:appium.TestNG_testcases@3a03464]" name="Login_Complete" duration-ms="58822" started-at="2016-12-09T14:32:10Z" finished-at="2016-12-09T14:33:09Z">
          <reporter-output>
          </reporter-output>
        </test-method> <!-- Login_Complete -->
        <test-method status="PASS" signature="File_leave_Complete()[pri:2, instance:appium.TestNG_testcases@3a03464]" name="File_leave_Complete" duration-ms="34863" started-at="2016-12-09T14:33:09Z" finished-at="2016-12-09T14:33:44Z">
          <reporter-output>
          </reporter-output>
        </test-method> <!-- File_leave_Complete -->
        <test-method status="PASS" signature="afterTest()[pri:0, instance:appium.TestNG_testcases@3a03464]" name="afterTest" is-config="true" duration-ms="5850" started-at="2016-12-09T14:33:44Z" finished-at="2016-12-09T14:33:50Z">
          <reporter-output>
          </reporter-output>
        </test-method> <!-- afterTest -->
      </class> <!-- appium.TestNG_testcases -->
    </test> <!-- Command line test -->
  </suite> <!-- appium.TestNG_testcases -->
</testng-results>
